Arguments: 
  /Users/joshribakoff/.nvm/versions/node/v8.9.4/bin/node /Users/joshribakoff/.nvm/versions/node/v8.9.4/bin/yarn

PATH: 
  /Users/joshribakoff/.nvm/versions/node/v8.9.4/bin:/usr/local/bin:/usr/bin:/bin:/usr/sbin:/sbin

Yarn version: 
  1.3.2

Node version: 
  8.9.4

Platform: 
  darwin x64

npm manifest: 
  

yarn manifest: 
  No manifest

Lockfile: 
  No lockfile

Trace: 
  SyntaxError: /Users/joshribakoff/web-animation-api-text-timeline-demo/package.json: Unexpected end of JSON input
      at JSON.parse (<anonymous>)
      at /Users/joshribakoff/.nvm/versions/node/v8.9.4/lib/node_modules/yarn/lib/cli.js:770:59
      at Generator.next (<anonymous>)
      at step (/Users/joshribakoff/.nvm/versions/node/v8.9.4/lib/node_modules/yarn/lib/cli.js:92:30)
      at /Users/joshribakoff/.nvm/versions/node/v8.9.4/lib/node_modules/yarn/lib/cli.js:103:13
      at <anonymous>
